<?xml version="1.0" encoding="UTF-8"?>
<!-- Generated by org.testng.reporters.JUnitReportReporter -->
<testsuite hostname="Julius" failures="0" tests="4" name="com.ansut.ClotureTest" time="22.909" errors="0" timestamp="2025-09-22T13:35:37 GMT" skipped="0">
  <testcase classname="com.ansut.ClotureTest" name="testCreateCloture" time="6.937"/>
  <testcase classname="com.ansut.ClotureTest" name="testSearchCloture" time="4.793"/>
  <testcase classname="com.ansut.ClotureTest" name="testModifyCloture" time="5.203"/>
  <testcase classname="com.ansut.ClotureTest" name="testDeleteCloture" time="5.976"/>
</testsuite> <!-- com.ansut.ClotureTest -->
