<?xml version="1.0" encoding="UTF-8"?>
<!-- Generated by org.testng.reporters.JUnitReportReporter -->
<testsuite hostname="Julius" failures="0" tests="4" name="com.ansut.ClotureTest" time="22.388" errors="0" timestamp="2025-09-23T14:50:43 GMT" skipped="0">
  <testcase classname="com.ansut.ClotureTest" name="testCreateCloture" time="6.850"/>
  <testcase classname="com.ansut.ClotureTest" name="testSearchCloture" time="4.728"/>
  <testcase classname="com.ansut.ClotureTest" name="testModifyCloture" time="5.322"/>
  <testcase classname="com.ansut.ClotureTest" name="testDeleteCloture" time="5.488"/>
</testsuite> <!-- com.ansut.ClotureTest -->
