<?xml version="1.0" encoding="UTF-8"?>
<!-- Generated by org.testng.reporters.JUnitReportReporter -->
<testsuite hostname="Julius" failures="0" tests="4" name="com.ansut.ActifsTest" time="25.271" errors="0" timestamp="2025-09-23T14:50:43 GMT" skipped="0">
  <testcase classname="com.ansut.ActifsTest" name="testCreateActifs" time="13.604"/>
  <testcase classname="com.ansut.ActifsTest" name="testSearchActifs" time="2.294"/>
  <testcase classname="com.ansut.ActifsTest" name="testModifyActifs" time="3.892"/>
  <testcase classname="com.ansut.ActifsTest" name="testDeleteActifs" time="5.481"/>
</testsuite> <!-- com.ansut.ActifsTest -->
