<?xml version="1.0" encoding="UTF-8"?>
<!-- Generated by org.testng.reporters.JUnitReportReporter -->
<testsuite hostname="Julius" failures="0" tests="4" name="com.ansut.DiagnosticTest" time="10.631" errors="0" timestamp="2025-09-23T14:50:43 GMT" skipped="0">
  <testcase classname="com.ansut.DiagnosticTest" name="testCreateDiagnostic" time="3.588"/>
  <testcase classname="com.ansut.DiagnosticTest" name="testSearchDiagnostic" time="1.043"/>
  <testcase classname="com.ansut.DiagnosticTest" name="testModifyDiagnostic" time="2.201"/>
  <testcase classname="com.ansut.DiagnosticTest" name="testDeleteDiagnostic" time="3.799"/>
</testsuite> <!-- com.ansut.DiagnosticTest -->
