<?xml version="1.0" encoding="UTF-8"?>
<!-- Generated by org.testng.reporters.JUnitReportReporter -->
<testsuite hostname="Julius" failures="0" tests="4" name="com.ansut.OperateurTest" time="26.427" errors="0" timestamp="2025-09-22T13:35:37 GMT" skipped="0">
  <testcase classname="com.ansut.OperateurTest" name="testCreateOperateur" time="6.739"/>
  <testcase classname="com.ansut.OperateurTest" name="testSearchOperateur" time="4.890"/>
  <testcase classname="com.ansut.OperateurTest" name="testModifyOperateur" time="5.388"/>
  <testcase classname="com.ansut.OperateurTest" name="testDeleteOperateur" time="9.410"/>
</testsuite> <!-- com.ansut.OperateurTest -->
