<?xml version="1.0" encoding="UTF-8"?>
<!-- Generated by org.testng.reporters.JUnitReportReporter -->
<testsuite hostname="Julius" failures="0" tests="4" name="com.ansut.ActifsTest" time="30.536" errors="0" timestamp="2025-09-22T13:35:37 GMT" skipped="0">
  <testcase classname="com.ansut.ActifsTest" name="testCreateActifs" time="11.962"/>
  <testcase classname="com.ansut.ActifsTest" name="testSearchActifs" time="0.731"/>
  <testcase classname="com.ansut.ActifsTest" name="testModifyActifs" time="1.959"/>
  <testcase classname="com.ansut.ActifsTest" name="testDeleteActifs" time="15.884"/>
</testsuite> <!-- com.ansut.ActifsTest -->
